<?xml version="1.0" encoding="UTF-8"?>
<!-- Generated by org.testng.reporters.JUnitReportReporter -->
<testsuite hostname="LAPTOP-BJLM547G" failures="0" tests="1" name="com.heroo.moootoocoorpp.arraylistt" time="0.006" errors="0" timestamp="2023-10-31T17:27:04 IST" skipped="0">
  <testcase classname="com.heroo.moootoocoorpp.arraylistt" name="methodname" time="0.006"/>
</testsuite> <!-- com.heroo.moootoocoorpp.arraylistt -->
