<?xml version="1.0" encoding="UTF-8"?>
<!-- Generated by org.testng.reporters.JUnitReportReporter -->
<testsuite hostname="LAPTOP-BJLM547G" failures="0" tests="1" name="com.heroo.moootoocoorpp.TestNGDemo" time="5.803" errors="0" timestamp="2023-10-30T20:37:11 IST" skipped="0">
  <testcase classname="com.heroo.moootoocoorpp.TestNGDemo" name="verifyPageTitle" time="5.803"/>
  <system-out/>
</testsuite> <!-- com.heroo.moootoocoorpp.TestNGDemo -->
