<?xml version="1.0" encoding="UTF-8"?>
<!-- Generated by org.testng.reporters.JUnitReportReporter -->
<testsuite hostname="LAPTOP-BJLM547G" failures="0" tests="1" name="com.heroo.moootoocoorpp.testNGwizarddemo" time="4.936" errors="0" timestamp="2023-10-30T20:43:02 IST" skipped="0">
  <testcase classname="com.heroo.moootoocoorpp.testNGwizarddemo" name="verifyPageTitlee" time="4.936"/>
</testsuite> <!-- com.heroo.moootoocoorpp.testNGwizarddemo -->
